C:\USERS\JASON\DESKTOP\ACM\GGG\DEBUG\.NETFRAMEWORK,VERSION=V4.0.ASSEMBLYATTRIBUTES.OBJ
C:\USERS\JASON\DESKTOP\ACM\GGG\DEBUG\ACINFOHIS.OBJ
C:\USERS\JASON\DESKTOP\ACM\GGG\DEBUG\ACOURSE.OBJ
C:\USERS\JASON\DESKTOP\ACM\GGG\DEBUG\AINTER.OBJ
C:\USERS\JASON\DESKTOP\ACM\GGG\DEBUG\APP.RES
C:\USERS\JASON\DESKTOP\ACM\GGG\DEBUG\ASINFOHIS.OBJ
C:\USERS\JASON\DESKTOP\ACM\GGG\DEBUG\ASSEMBLYINFO.OBJ
C:\USERS\JASON\DESKTOP\ACM\GGG\DEBUG\ASTIDENT.OBJ
C:\Users\Jason\Desktop\ACM\ggg\Debug\cl.command.1.tlog
C:\Users\Jason\Desktop\ACM\ggg\Debug\CL.read.1.tlog
C:\Users\Jason\Desktop\ACM\ggg\Debug\CL.write.1.tlog
C:\USERS\JASON\DESKTOP\ACM\GGG\DEBUG\CS 3402 PROJ.EXE
C:\USERS\JASON\DESKTOP\ACM\GGG\DEBUG\CS 3402 PROJ.EXE.INTERMEDIATE.MANIFEST
C:\Users\Jason\Desktop\ACM\ggg\Debug\CS 3402 Proj.exe.metagen
C:\USERS\JASON\DESKTOP\ACM\GGG\DEBUG\CS 3402 PROJ.ILK
C:\USERS\JASON\DESKTOP\ACM\GGG\DEBUG\CS 3402 PROJ.PCH
C:\USERS\JASON\DESKTOP\ACM\GGG\DEBUG\CS 3402 PROJ.PDB
C:\Users\Jason\Desktop\ACM\ggg\Debug\CS 3402 Proj.write.1.tlog
C:\USERS\JASON\DESKTOP\ACM\GGG\DEBUG\DESIGNER.OBJ
C:\USERS\JASON\DESKTOP\ACM\GGG\DEBUG\FORM2.OBJ
C:\Users\Jason\Desktop\ACM\ggg\Debug\GenerateResource.read.156.tlog
C:\Users\Jason\Desktop\ACM\ggg\Debug\GenerateResource.write.156.tlog
C:\USERS\JASON\DESKTOP\ACM\GGG\DEBUG\GGG.ACINFOHIS.RESOURCES
C:\USERS\JASON\DESKTOP\ACM\GGG\DEBUG\GGG.ACOURSE.RESOURCES
C:\USERS\JASON\DESKTOP\ACM\GGG\DEBUG\GGG.AINTER.RESOURCES
C:\USERS\JASON\DESKTOP\ACM\GGG\DEBUG\GGG.ASINFOHIS.RESOURCES
C:\USERS\JASON\DESKTOP\ACM\GGG\DEBUG\GGG.ASTIDENT.RESOURCES
C:\USERS\JASON\DESKTOP\ACM\GGG\DEBUG\GGG.DESIGNER.RESOURCES
C:\USERS\JASON\DESKTOP\ACM\GGG\DEBUG\GGG.FORM1.RESOURCES
C:\USERS\JASON\DESKTOP\ACM\GGG\DEBUG\GGG.FORM2.RESOURCES
C:\USERS\JASON\DESKTOP\ACM\GGG\DEBUG\GGG.GRADEINPUT.RESOURCES
C:\USERS\JASON\DESKTOP\ACM\GGG\DEBUG\GGG.GRADEWARNING.RESOURCES
C:\USERS\JASON\DESKTOP\ACM\GGG\DEBUG\GGG.MODDEPT.RESOURCES
C:\USERS\JASON\DESKTOP\ACM\GGG\DEBUG\GGG.MODMAJOR.RESOURCES
C:\USERS\JASON\DESKTOP\ACM\GGG\DEBUG\GGG.OBJ
C:\USERS\JASON\DESKTOP\ACM\GGG\DEBUG\GGG.SALLC.RESOURCES
C:\USERS\JASON\DESKTOP\ACM\GGG\DEBUG\GGG.SCHANGEPASSW.RESOURCES
C:\USERS\JASON\DESKTOP\ACM\GGG\DEBUG\GGG.SCOURSER.RESOURCES
C:\USERS\JASON\DESKTOP\ACM\GGG\DEBUG\GGG.SINTER.RESOURCES
C:\USERS\JASON\DESKTOP\ACM\GGG\DEBUG\GGG.SMODIFYINFO.RESOURCES
C:\USERS\JASON\DESKTOP\ACM\GGG\DEBUG\GGG.SSHOWALLG.RESOURCES
C:\USERS\JASON\DESKTOP\ACM\GGG\DEBUG\GGG.TPS.RESOURCES
C:\USERS\JASON\DESKTOP\ACM\GGG\DEBUG\GGG.TPSU.RESOURCES
C:\USERS\JASON\DESKTOP\ACM\GGG\DEBUG\GRADEINPUT.OBJ
C:\USERS\JASON\DESKTOP\ACM\GGG\DEBUG\GRADEWARNING.OBJ
C:\Users\Jason\Desktop\ACM\ggg\Debug\link.11228.read.1.tlog
C:\Users\Jason\Desktop\ACM\ggg\Debug\link.11228.write.1.tlog
C:\Users\Jason\Desktop\ACM\ggg\Debug\link.11228-cvtres.read.1.tlog
C:\Users\Jason\Desktop\ACM\ggg\Debug\link.11228-cvtres.write.1.tlog
C:\Users\Jason\Desktop\ACM\ggg\Debug\link.command.1.tlog
C:\Users\Jason\Desktop\ACM\ggg\Debug\link.read.1.tlog
C:\Users\Jason\Desktop\ACM\ggg\Debug\link.write.1.tlog
C:\Users\Jason\Desktop\ACM\ggg\Debug\metagen.read.1.tlog
C:\Users\Jason\Desktop\ACM\ggg\Debug\metagen.write.1.tlog
C:\USERS\JASON\DESKTOP\ACM\GGG\DEBUG\MODDEPT.OBJ
C:\USERS\JASON\DESKTOP\ACM\GGG\DEBUG\MODMAJOR.OBJ
C:\Users\Jason\Desktop\ACM\ggg\Debug\mt.command.1.tlog
C:\Users\Jason\Desktop\ACM\ggg\Debug\mt.read.1.tlog
C:\Users\Jason\Desktop\ACM\ggg\Debug\mt.write.1.tlog
C:\Users\Jason\Desktop\ACM\ggg\Debug\rc.command.1.tlog
C:\Users\Jason\Desktop\ACM\ggg\Debug\rc.read.1.tlog
C:\Users\Jason\Desktop\ACM\ggg\Debug\rc.write.1.tlog
C:\Users\Jason\Desktop\ACM\ggg\Debug\RSAENH.DLL.bi
C:\USERS\JASON\DESKTOP\ACM\GGG\DEBUG\SALLC.OBJ
C:\USERS\JASON\DESKTOP\ACM\GGG\DEBUG\SCHANGEPASSW.OBJ
C:\USERS\JASON\DESKTOP\ACM\GGG\DEBUG\SCOURSER.OBJ
C:\USERS\JASON\DESKTOP\ACM\GGG\DEBUG\SINTER.OBJ
C:\USERS\JASON\DESKTOP\ACM\GGG\DEBUG\SMODIFYINFO.OBJ
C:\USERS\JASON\DESKTOP\ACM\GGG\DEBUG\SSHOWALLG.OBJ
C:\USERS\JASON\DESKTOP\ACM\GGG\DEBUG\STDAFX.OBJ
C:\USERS\JASON\DESKTOP\ACM\GGG\DEBUG\TPS.OBJ
C:\USERS\JASON\DESKTOP\ACM\GGG\DEBUG\TPSU.OBJ
C:\Users\Jason\Desktop\ACM\ggg\Debug\TZRES.DLL.bi
C:\USERS\JASON\DESKTOP\ACM\GGG\DEBUG\VC100.PDB
