C:\USERS\JASON\DESKTOP\ACM\GGG\RELEASE\.NETFRAMEWORK,VERSION=V4.0.ASSEMBLYATTRIBUTES.OBJ
C:\USERS\JASON\DESKTOP\ACM\GGG\RELEASE\ACINFOHIS.OBJ
C:\USERS\JASON\DESKTOP\ACM\GGG\RELEASE\ACOURSE.OBJ
C:\USERS\JASON\DESKTOP\ACM\GGG\RELEASE\AINTER.OBJ
C:\USERS\JASON\DESKTOP\ACM\GGG\RELEASE\APP.RES
C:\USERS\JASON\DESKTOP\ACM\GGG\RELEASE\ASINFOHIS.OBJ
C:\USERS\JASON\DESKTOP\ACM\GGG\RELEASE\ASSEMBLYINFO.OBJ
C:\USERS\JASON\DESKTOP\ACM\GGG\RELEASE\ASTIDENT.OBJ
C:\Users\Jason\Desktop\ACM\ggg\Release\cl.command.1.tlog
C:\Users\Jason\Desktop\ACM\ggg\Release\CL.read.1.tlog
C:\Users\Jason\Desktop\ACM\ggg\Release\CL.write.1.tlog
C:\USERS\JASON\DESKTOP\ACM\GGG\RELEASE\CS 3402 PROJ.EXE
C:\USERS\JASON\DESKTOP\ACM\GGG\RELEASE\CS 3402 PROJ.EXE.INTERMEDIATE.MANIFEST
C:\Users\Jason\Desktop\ACM\ggg\Release\CS 3402 Proj.exe.metagen
C:\USERS\JASON\DESKTOP\ACM\GGG\RELEASE\CS 3402 PROJ.PCH
C:\USERS\JASON\DESKTOP\ACM\GGG\RELEASE\CS 3402 PROJ.PDB
C:\Users\Jason\Desktop\ACM\ggg\Release\CS 3402 Proj.write.1.tlog
C:\USERS\JASON\DESKTOP\ACM\GGG\RELEASE\DESIGNER.OBJ
C:\USERS\JASON\DESKTOP\ACM\GGG\RELEASE\FORM2.OBJ
C:\Users\Jason\Desktop\ACM\ggg\Release\GenerateResource.read.115.tlog
C:\Users\Jason\Desktop\ACM\ggg\Release\GenerateResource.write.115.tlog
C:\USERS\JASON\DESKTOP\ACM\GGG\RELEASE\GGG.ACINFOHIS.RESOURCES
C:\USERS\JASON\DESKTOP\ACM\GGG\RELEASE\GGG.ACOURSE.RESOURCES
C:\USERS\JASON\DESKTOP\ACM\GGG\RELEASE\GGG.AINTER.RESOURCES
C:\USERS\JASON\DESKTOP\ACM\GGG\RELEASE\GGG.ASINFOHIS.RESOURCES
C:\USERS\JASON\DESKTOP\ACM\GGG\RELEASE\GGG.ASTIDENT.RESOURCES
C:\USERS\JASON\DESKTOP\ACM\GGG\RELEASE\GGG.DESIGNER.RESOURCES
C:\USERS\JASON\DESKTOP\ACM\GGG\RELEASE\GGG.FORM1.RESOURCES
C:\USERS\JASON\DESKTOP\ACM\GGG\RELEASE\GGG.FORM2.RESOURCES
C:\USERS\JASON\DESKTOP\ACM\GGG\RELEASE\GGG.GRADEINPUT.RESOURCES
C:\USERS\JASON\DESKTOP\ACM\GGG\RELEASE\GGG.GRADEWARNING.RESOURCES
C:\USERS\JASON\DESKTOP\ACM\GGG\RELEASE\GGG.MODDEPT.RESOURCES
C:\USERS\JASON\DESKTOP\ACM\GGG\RELEASE\GGG.MODMAJOR.RESOURCES
C:\USERS\JASON\DESKTOP\ACM\GGG\RELEASE\GGG.OBJ
C:\USERS\JASON\DESKTOP\ACM\GGG\RELEASE\GGG.SALLC.RESOURCES
C:\USERS\JASON\DESKTOP\ACM\GGG\RELEASE\GGG.SCHANGEPASSW.RESOURCES
C:\USERS\JASON\DESKTOP\ACM\GGG\RELEASE\GGG.SCOURSER.RESOURCES
C:\USERS\JASON\DESKTOP\ACM\GGG\RELEASE\GGG.SINTER.RESOURCES
C:\USERS\JASON\DESKTOP\ACM\GGG\RELEASE\GGG.SMODIFYINFO.RESOURCES
C:\USERS\JASON\DESKTOP\ACM\GGG\RELEASE\GGG.SSHOWALLG.RESOURCES
C:\USERS\JASON\DESKTOP\ACM\GGG\RELEASE\GGG.TPS.RESOURCES
C:\USERS\JASON\DESKTOP\ACM\GGG\RELEASE\GGG.TPSU.RESOURCES
C:\USERS\JASON\DESKTOP\ACM\GGG\RELEASE\GRADEINPUT.OBJ
C:\USERS\JASON\DESKTOP\ACM\GGG\RELEASE\GRADEWARNING.OBJ
C:\Users\Jason\Desktop\ACM\ggg\Release\link.command.1.tlog
C:\Users\Jason\Desktop\ACM\ggg\Release\link.read.1.tlog
C:\Users\Jason\Desktop\ACM\ggg\Release\link.write.1.tlog
C:\Users\Jason\Desktop\ACM\ggg\Release\link-cvtres.read.1.tlog
C:\Users\Jason\Desktop\ACM\ggg\Release\link-cvtres.write.1.tlog
C:\Users\Jason\Desktop\ACM\ggg\Release\metagen.read.1.tlog
C:\Users\Jason\Desktop\ACM\ggg\Release\metagen.write.1.tlog
C:\USERS\JASON\DESKTOP\ACM\GGG\RELEASE\MODDEPT.OBJ
C:\USERS\JASON\DESKTOP\ACM\GGG\RELEASE\MODMAJOR.OBJ
C:\Users\Jason\Desktop\ACM\ggg\Release\mt.command.1.tlog
C:\Users\Jason\Desktop\ACM\ggg\Release\mt.read.1.tlog
C:\Users\Jason\Desktop\ACM\ggg\Release\mt.write.1.tlog
C:\Users\Jason\Desktop\ACM\ggg\Release\rc.command.1.tlog
C:\Users\Jason\Desktop\ACM\ggg\Release\rc.read.1.tlog
C:\Users\Jason\Desktop\ACM\ggg\Release\rc.write.1.tlog
C:\Users\Jason\Desktop\ACM\ggg\Release\RSAENH.DLL.bi
C:\USERS\JASON\DESKTOP\ACM\GGG\RELEASE\SALLC.OBJ
C:\USERS\JASON\DESKTOP\ACM\GGG\RELEASE\SCHANGEPASSW.OBJ
C:\USERS\JASON\DESKTOP\ACM\GGG\RELEASE\SCOURSER.OBJ
C:\USERS\JASON\DESKTOP\ACM\GGG\RELEASE\SINTER.OBJ
C:\USERS\JASON\DESKTOP\ACM\GGG\RELEASE\SMODIFYINFO.OBJ
C:\USERS\JASON\DESKTOP\ACM\GGG\RELEASE\SSHOWALLG.OBJ
C:\USERS\JASON\DESKTOP\ACM\GGG\RELEASE\STDAFX.OBJ
C:\USERS\JASON\DESKTOP\ACM\GGG\RELEASE\TPS.OBJ
C:\USERS\JASON\DESKTOP\ACM\GGG\RELEASE\TPSU.OBJ
C:\Users\Jason\Desktop\ACM\ggg\Release\TZRES.DLL.bi
C:\USERS\JASON\DESKTOP\ACM\GGG\RELEASE\VC100.PDB
